d:\c++\toantu_quanhe_logic\toantu_quanhe_logic\x64\debug\vc143.pdb
d:\c++\toantu_quanhe_logic\toantu_quanhe_logic\x64\debug\vc143.idb
d:\c++\toantu_quanhe_logic\toantu_quanhe_logic\x64\debug\main.obj
d:\c++\toantu_quanhe_logic\toantu_quanhe_logic\x64\debug\ifelse.obj
d:\c++\toantu_quanhe_logic\toantu_quanhe_logic\x64\debug\toantu_quanhe_logic.ilk
d:\c++\toantu_quanhe_logic\x64\debug\toantu_quanhe_logic.pdb
d:\c++\toantu_quanhe_logic\toantu_quanhe_logic\x64\debug\toantu_q.07740de7.tlog\cl.command.1.tlog
d:\c++\toantu_quanhe_logic\toantu_quanhe_logic\x64\debug\toantu_q.07740de7.tlog\cl.items.tlog
d:\c++\toantu_quanhe_logic\toantu_quanhe_logic\x64\debug\toantu_q.07740de7.tlog\cl.read.1.tlog
d:\c++\toantu_quanhe_logic\toantu_quanhe_logic\x64\debug\toantu_q.07740de7.tlog\cl.write.1.tlog
d:\c++\toantu_quanhe_logic\toantu_quanhe_logic\x64\debug\toantu_q.07740de7.tlog\link.26192-cvtres.read.1.tlog
d:\c++\toantu_quanhe_logic\toantu_quanhe_logic\x64\debug\toantu_q.07740de7.tlog\link.26192-cvtres.write.1.tlog
d:\c++\toantu_quanhe_logic\toantu_quanhe_logic\x64\debug\toantu_q.07740de7.tlog\link.26192-rc.read.1.tlog
d:\c++\toantu_quanhe_logic\toantu_quanhe_logic\x64\debug\toantu_q.07740de7.tlog\link.26192-rc.write.1.tlog
d:\c++\toantu_quanhe_logic\toantu_quanhe_logic\x64\debug\toantu_q.07740de7.tlog\link.26192.read.1.tlog
d:\c++\toantu_quanhe_logic\toantu_quanhe_logic\x64\debug\toantu_q.07740de7.tlog\link.26192.read.2.tlog
d:\c++\toantu_quanhe_logic\toantu_quanhe_logic\x64\debug\toantu_q.07740de7.tlog\link.26192.write.1.tlog
d:\c++\toantu_quanhe_logic\toantu_quanhe_logic\x64\debug\toantu_q.07740de7.tlog\link.command.1.tlog
d:\c++\toantu_quanhe_logic\toantu_quanhe_logic\x64\debug\toantu_q.07740de7.tlog\link.read.1.tlog
d:\c++\toantu_quanhe_logic\toantu_quanhe_logic\x64\debug\toantu_q.07740de7.tlog\link.secondary.1.tlog
d:\c++\toantu_quanhe_logic\toantu_quanhe_logic\x64\debug\toantu_q.07740de7.tlog\link.write.1.tlog
